<?xml version="1.0" encoding="UTF-8" ?>
<testsuite errors="0" failures="1" hostname="moxy.uoregon.edu" name="org.intermine.bio.dataconversion.ZfinExpressionConverterTest" tests="1" time="0.228" timestamp="2010-03-11T22:33:25">
  <properties>
[...]
</properties>
  <testcase classname="org.intermine.bio.dataconversion.ZfinExpressionConverterTest" name="testProcess" time="0.183">
    <failure message="Item collections do not match.
In expected, not actual: 
[&lt;item id=&quot;3_1&quot; class=&quot;ExpressionResult&quot;&gt;

  &lt;attribute name=&quot;assay&quot; value=&quot;mRNA in situ hybridization&quot;/&gt;

  &lt;attribute name=&quot;expressionFound&quot; value=&quot;t&quot;/&gt;

  &lt;attribute name=&quot;primaryIdentifier&quot; value=&quot;ZDB-XPATRES-050630-200&quot;/&gt;

  &lt;reference name=&quot;endStage&quot; ref_id=&quot;8_1&quot;/&gt;

  &lt;reference name=&quot;gene&quot; ref_id=&quot;4_1&quot;/&gt;

  &lt;reference name=&quot;genotypeEnvironment&quot; ref_id=&quot;6_1&quot;/&gt;

  &lt;reference name=&quot;probe&quot; ref_id=&quot;5_1&quot;/&gt;

  &lt;reference name=&quot;publication&quot; ref_id=&quot;7_1&quot;/&gt;

  &lt;reference name=&quot;startStage&quot; ref_id=&quot;8_1&quot;/&gt;

  &lt;collection name=&quot;figures&quot;&gt;
    &lt;reference ref_id=&quot;9_1&quot;/&gt;
  &lt;/collection&gt;

&lt;/item&gt;
, &lt;item id=&quot;8_1&quot; class=&quot;OntologyTerm&quot;&gt;

  &lt;attribute name=&quot;identifier&quot; value=&quot;ZFS:0000026&quot;/&gt;

  &lt;collection name=&quot;dataSets&quot;&gt;
    &lt;reference ref_id=&quot;1_1&quot;/&gt;
  &lt;/collection&gt;

&lt;/item&gt;
]
Summary of expected: 
ExpressionResult - 1 [3_1]
OntologyTerm - 1 [8_1]
In actual, not expected: 
[&lt;item id=&quot;3_1&quot; class=&quot;ExpressionResult&quot;&gt;

  &lt;attribute name=&quot;assay&quot; value=&quot;mRNA in situ hybridization&quot;/&gt;

  &lt;attribute name=&quot;expressionFound&quot; value=&quot;t&quot;/&gt;

  &lt;attribute name=&quot;primaryIdentifier&quot; value=&quot;ZDB-XPATRES-050630-200&quot;/&gt;

  &lt;reference name=&quot;anatomy&quot; ref_id=&quot;8_1&quot;/&gt;

  &lt;reference name=&quot;endStage&quot; ref_id=&quot;8_2&quot;/&gt;

  &lt;reference name=&quot;gene&quot; ref_id=&quot;4_1&quot;/&gt;

  &lt;reference name=&quot;genotypeEnvironment&quot; ref_id=&quot;6_1&quot;/&gt;

  &lt;reference name=&quot;probe&quot; ref_id=&quot;5_1&quot;/&gt;

  &lt;reference name=&quot;publication&quot; ref_id=&quot;7_1&quot;/&gt;

  &lt;reference name=&quot;startStage&quot; ref_id=&quot;8_2&quot;/&gt;

  &lt;collection name=&quot;figures&quot;&gt;
    &lt;reference ref_id=&quot;9_1&quot;/&gt;
  &lt;/collection&gt;

&lt;/item&gt;
, &lt;item id=&quot;8_1&quot; class=&quot;ZFATerm&quot;&gt;

  &lt;attribute name=&quot;identifier&quot; value=&quot;ZFA:0000128&quot;/&gt;

  &lt;collection name=&quot;dataSets&quot;&gt;
    &lt;reference ref_id=&quot;1_1&quot;/&gt;
  &lt;/collection&gt;

&lt;/item&gt;
, &lt;item id=&quot;8_2&quot; class=&quot;ZFATerm&quot;&gt;

  &lt;attribute name=&quot;identifier&quot; value=&quot;ZFS:0000026&quot;/&gt;

  &lt;collection name=&quot;dataSets&quot;&gt;
    &lt;reference ref_id=&quot;1_1&quot;/&gt;
  &lt;/collection&gt;

&lt;/item&gt;
]
Summary of actual: 
ExpressionResult - 1 [3_1]
ZFATerm - 2 [8_2, 8_1]
" type="junit.framework.AssertionFailedError">junit.framework.AssertionFailedError: Item collections do not match.
In expected, not actual: 
[&lt;item id=&quot;3_1&quot; class=&quot;ExpressionResult&quot;&gt;

  &lt;attribute name=&quot;assay&quot; value=&quot;mRNA in situ hybridization&quot;/&gt;

  &lt;attribute name=&quot;expressionFound&quot; value=&quot;t&quot;/&gt;

  &lt;attribute name=&quot;primaryIdentifier&quot; value=&quot;ZDB-XPATRES-050630-200&quot;/&gt;

  &lt;reference name=&quot;endStage&quot; ref_id=&quot;8_1&quot;/&gt;

  &lt;reference name=&quot;gene&quot; ref_id=&quot;4_1&quot;/&gt;

  &lt;reference name=&quot;genotypeEnvironment&quot; ref_id=&quot;6_1&quot;/&gt;

  &lt;reference name=&quot;probe&quot; ref_id=&quot;5_1&quot;/&gt;

  &lt;reference name=&quot;publication&quot; ref_id=&quot;7_1&quot;/&gt;

  &lt;reference name=&quot;startStage&quot; ref_id=&quot;8_1&quot;/&gt;

  &lt;collection name=&quot;figures&quot;&gt;
    &lt;reference ref_id=&quot;9_1&quot;/&gt;
  &lt;/collection&gt;

&lt;/item&gt;
, &lt;item id=&quot;8_1&quot; class=&quot;OntologyTerm&quot;&gt;

  &lt;attribute name=&quot;identifier&quot; value=&quot;ZFS:0000026&quot;/&gt;

  &lt;collection name=&quot;dataSets&quot;&gt;
    &lt;reference ref_id=&quot;1_1&quot;/&gt;
  &lt;/collection&gt;

&lt;/item&gt;
]
Summary of expected: 
ExpressionResult - 1 [3_1]
OntologyTerm - 1 [8_1]
In actual, not expected: 
[&lt;item id=&quot;3_1&quot; class=&quot;ExpressionResult&quot;&gt;

  &lt;attribute name=&quot;assay&quot; value=&quot;mRNA in situ hybridization&quot;/&gt;

  &lt;attribute name=&quot;expressionFound&quot; value=&quot;t&quot;/&gt;

  &lt;attribute name=&quot;primaryIdentifier&quot; value=&quot;ZDB-XPATRES-050630-200&quot;/&gt;

  &lt;reference name=&quot;anatomy&quot; ref_id=&quot;8_1&quot;/&gt;

  &lt;reference name=&quot;endStage&quot; ref_id=&quot;8_2&quot;/&gt;

  &lt;reference name=&quot;gene&quot; ref_id=&quot;4_1&quot;/&gt;

  &lt;reference name=&quot;genotypeEnvironment&quot; ref_id=&quot;6_1&quot;/&gt;

  &lt;reference name=&quot;probe&quot; ref_id=&quot;5_1&quot;/&gt;

  &lt;reference name=&quot;publication&quot; ref_id=&quot;7_1&quot;/&gt;

  &lt;reference name=&quot;startStage&quot; ref_id=&quot;8_2&quot;/&gt;

  &lt;collection name=&quot;figures&quot;&gt;
    &lt;reference ref_id=&quot;9_1&quot;/&gt;
  &lt;/collection&gt;

&lt;/item&gt;
, &lt;item id=&quot;8_1&quot; class=&quot;ZFATerm&quot;&gt;

  &lt;attribute name=&quot;identifier&quot; value=&quot;ZFA:0000128&quot;/&gt;

  &lt;collection name=&quot;dataSets&quot;&gt;
    &lt;reference ref_id=&quot;1_1&quot;/&gt;
  &lt;/collection&gt;

&lt;/item&gt;
, &lt;item id=&quot;8_2&quot; class=&quot;ZFATerm&quot;&gt;

  &lt;attribute name=&quot;identifier&quot; value=&quot;ZFS:0000026&quot;/&gt;

  &lt;collection name=&quot;dataSets&quot;&gt;
    &lt;reference ref_id=&quot;1_1&quot;/&gt;
  &lt;/collection&gt;

&lt;/item&gt;
]
Summary of actual: 
ExpressionResult - 1 [3_1]
ZFATerm - 2 [8_2, 8_1]

	at org.intermine.dataconversion.ItemsTestCase.assertEquals(ItemsTestCase.java:63)
	at org.intermine.bio.dataconversion.ZfinExpressionConverterTest.testProcess(ZfinExpressionConverterTest.java:53)
</failure>
  </testcase>
  <system-out><![CDATA[***java.io.InputStreamReader@617c53
In expected, not actual: 
[<item id="3_1" class="ExpressionResult">

  <attribute name="assay" value="mRNA in situ hybridization"/>

  <attribute name="expressionFound" value="t"/>

  <attribute name="primaryIdentifier" value="ZDB-XPATRES-050630-200"/>

  <reference name="endStage" ref_id="8_1"/>

  <reference name="gene" ref_id="4_1"/>

  <reference name="genotypeEnvironment" ref_id="6_1"/>

  <reference name="probe" ref_id="5_1"/>

  <reference name="publication" ref_id="7_1"/>

  <reference name="startStage" ref_id="8_1"/>

  <collection name="figures">
    <reference ref_id="9_1"/>
  </collection>

</item>
, <item id="8_1" class="OntologyTerm">

  <attribute name="identifier" value="ZFS:0000026"/>

  <collection name="dataSets">
    <reference ref_id="1_1"/>
  </collection>

</item>
]
Summary of expected: 
ExpressionResult - 1 [3_1]
OntologyTerm - 1 [8_1]
In actual, not expected: 
[<item id="3_1" class="ExpressionResult">

  <attribute name="assay" value="mRNA in situ hybridization"/>

  <attribute name="expressionFound" value="t"/>

  <attribute name="primaryIdentifier" value="ZDB-XPATRES-050630-200"/>

  <reference name="anatomy" ref_id="8_1"/>

  <reference name="endStage" ref_id="8_2"/>

  <reference name="gene" ref_id="4_1"/>

  <reference name="genotypeEnvironment" ref_id="6_1"/>

  <reference name="probe" ref_id="5_1"/>

  <reference name="publication" ref_id="7_1"/>

  <reference name="startStage" ref_id="8_2"/>

  <collection name="figures">
    <reference ref_id="9_1"/>
  </collection>

</item>
, <item id="8_1" class="ZFATerm">

  <attribute name="identifier" value="ZFA:0000128"/>

  <collection name="dataSets">
    <reference ref_id="1_1"/>
  </collection>

</item>
, <item id="8_2" class="ZFATerm">

  <attribute name="identifier" value="ZFS:0000026"/>

  <collection name="dataSets">
    <reference ref_id="1_1"/>
  </collection>

</item>
]
Summary of actual: 
ExpressionResult - 1 [3_1]
ZFATerm - 2 [8_2, 8_1]
)
]]></system-out>
  <system-err><![CDATA[]]></system-err>
</testsuite>
